<?xml version="1.0" encoding="UTF-8"?>
<!-- Generated by org.testng.reporters.JUnitReportReporter -->
<testsuite hostname="DESKTOP-IE0H25K" failures="0" tests="1" name="EndToEnd.com.seleniumpractice.LoginTest" time="0.627" errors="0" timestamp="2025-05-11T12:43:19 IST" skipped="0">
  <testcase classname="EndToEnd.com.seleniumpractice.LoginTest" name="mytestone" time="0.627"/>
  <system-out/>
</testsuite> <!-- EndToEnd.com.seleniumpractice.LoginTest -->
