<?xml version="1.0" encoding="UTF-8"?>
<!-- Generated by org.testng.reporters.JUnitReportReporter -->
<testsuite hostname="DESKTOP-IE0H25K" failures="0" tests="1" name="EndToEnd.com.seleniumpractice.OrangeHRM" time="28.216" errors="0" timestamp="2025-05-11T15:16:50 IST" skipped="0">
  <testcase classname="EndToEnd.com.seleniumpractice.OrangeHRM" name="setup" time="28.216"/>
</testsuite> <!-- EndToEnd.com.seleniumpractice.OrangeHRM -->
